<?xml version="1.0" encoding="UTF-8"?>
<testsuite xmlns:xsi="http://www.w3.org/2001/XMLSchema-instance" xsi:noNamespaceSchemaLocation="https://maven.apache.org/surefire/maven-surefire-plugin/xsd/surefire-test-report-3.0.xsd" version="3.0" name="com.austere.appApi.AppApiApplicationTests" time="4.823" tests="1" errors="0" skipped="0" failures="0">
  <properties>
[...]
</properties>
  <testcase name="contextLoads" classname="com.austere.appApi.AppApiApplicationTests" time="0.56">
    <system-out><![CDATA[15:34:41.259 [main] INFO org.springframework.test.context.support.AnnotationConfigContextLoaderUtils -- Could not detect default configuration classes for test class [com.austere.appApi.AppApiApplicationTests]: AppApiApplicationTests does not declare any static, non-private, non-final, nested classes annotated with @Configuration.
15:34:41.344 [main] INFO org.springframework.boot.test.context.SpringBootTestContextBootstrapper -- Found @SpringBootConfiguration com.austere.appApi.AppApiApplication for test class com.austere.appApi.AppApiApplicationTests
15:34:41.494 [main] INFO org.springframework.boot.devtools.restart.RestartApplicationListener -- Restart disabled due to context in which it is running
  __  __       _     _ _           _                     _    ____ ___ 
 |  \/  | ___ | |__ (_) | ___     / \   _ __  _ __      / \  |  _ \_ _|
 | |\/| |/ _ \| '_ \| | |/ _ \   / _ \ | '_ \| '_ \    / _ \ | |_) | | 
 | |  | | (_) | |_) | | |  __/  / ___ \| |_) | |_) |  / ___ \|  __/| | 
 |_|  |_|\___/|_.__/|_|_|\___| /_/   \_\ .__/| .__/  /_/   \_\_|  |___|
                                       |_|   |_|                       
2024-01-02T15:34:41.726+05:30  INFO 24128 --- [           main] c.austere.appApi.AppApiApplicationTests  : Starting AppApiApplicationTests using Java 17.0.8 with PID 24128 (started by Admin in D:\Austere Project\appApi)
2024-01-02T15:34:41.729+05:30  INFO 24128 --- [           main] c.austere.appApi.AppApiApplicationTests  : No active profile set, falling back to 1 default profile: "default"
2024-01-02T15:34:42.120+05:30  INFO 24128 --- [           main] .s.d.r.c.RepositoryConfigurationDelegate : Bootstrapping Spring Data JPA repositories in DEFAULT mode.
2024-01-02T15:34:42.161+05:30  INFO 24128 --- [           main] .s.d.r.c.RepositoryConfigurationDelegate : Finished Spring Data repository scanning in 34 ms. Found 2 JPA repository interfaces.
2024-01-02T15:34:42.751+05:30  INFO 24128 --- [           main] com.zaxxer.hikari.HikariDataSource       : HikariPool-1 - Starting...
2024-01-02T15:34:43.283+05:30  INFO 24128 --- [           main] com.zaxxer.hikari.pool.HikariPool        : HikariPool-1 - Added connection com.mysql.cj.jdbc.ConnectionImpl@11e9ac24
2024-01-02T15:34:43.286+05:30  INFO 24128 --- [           main] com.zaxxer.hikari.HikariDataSource       : HikariPool-1 - Start completed.
2024-01-02T15:34:43.334+05:30  INFO 24128 --- [           main] o.hibernate.jpa.internal.util.LogHelper  : HHH000204: Processing PersistenceUnitInfo [name: default]
2024-01-02T15:34:43.388+05:30  INFO 24128 --- [           main] org.hibernate.Version                    : HHH000412: Hibernate ORM core version 6.2.17.Final
2024-01-02T15:34:43.389+05:30  INFO 24128 --- [           main] org.hibernate.cfg.Environment            : HHH000406: Using bytecode reflection optimizer
2024-01-02T15:34:43.659+05:30  INFO 24128 --- [           main] o.s.o.j.p.SpringPersistenceUnitInfo      : No LoadTimeWeaver setup: ignoring JPA class transformer
2024-01-02T15:34:43.729+05:30  WARN 24128 --- [           main] org.hibernate.orm.deprecation            : HHH90000025: MySQLDialect does not need to be specified explicitly using 'hibernate.dialect' (remove the property setting and it will be selected by default)
2024-01-02T15:34:44.494+05:30  INFO 24128 --- [           main] o.h.e.t.j.p.i.JtaPlatformInitiator       : HHH000489: No JTA platform available (set 'hibernate.transaction.jta.platform' to enable JTA platform integration)
2024-01-02T15:34:44.497+05:30  INFO 24128 --- [           main] j.LocalContainerEntityManagerFactoryBean : Initialized JPA EntityManagerFactory for persistence unit 'default'
2024-01-02T15:34:44.747+05:30  INFO 24128 --- [           main] o.s.d.j.r.query.QueryEnhancerFactory     : Hibernate is in classpath; If applicable, HQL parser will be used.
2024-01-02T15:34:44.940+05:30  WARN 24128 --- [           main] JpaBaseConfiguration$JpaWebConfiguration : spring.jpa.open-in-view is enabled by default. Therefore, database queries may be performed during view rendering. Explicitly configure spring.jpa.open-in-view to disable this warning
2024-01-02T15:34:45.343+05:30  INFO 24128 --- [           main] c.austere.appApi.AppApiApplicationTests  : Started AppApiApplicationTests in 3.862 seconds (process running for 4.782)
]]></system-out>
  </testcase>
</testsuite>